// 同步 ID: 55636423 @ Sun Jul  5 05:09:20 UTC 2026
// 同步 ID: d3fcb61d @ Sun Jul  5 16:28:14 UTC 2026
// 重构日志: 148781e0
// 重构日志: 03fa8fb2
// 同步 ID: 5164f375 @ Wed Jul  8 12:20:32 UTC 2026
// 重构日志: d5913adb
// 同步 ID: fc133af4 @ Fri Jul 10 15:55:04 UTC 2026
// 同步 ID: dd69bc00 @ Sat Jul 11 14:23:44 UTC 2026
// 同步 ID: b1431656 @ Sat Jul 11 15:53:16 UTC 2026
// 同步 ID: a9edeef1 @ Mon Jul 13 01:05:21 UTC 2026
// 同步 ID: fc60f619 @ Mon Jul 13 04:41:33 UTC 2026
// 同步 ID: b8448456 @ Tue Jul 14 04:16:52 UTC 2026
// 重构日志: 541e5003
// 重构日志: 0b3f1b11
// 同步 ID: 71a0221f @ Wed Jul 15 00:42:58 UTC 2026
// 重构日志: 155f9eb7
// 重构日志: 77698616
// 同步 ID: bf19bdad @ Thu Jul 16 04:27:34 UTC 2026
// 同步 ID: 7d73e460 @ Thu Jul 16 12:31:55 UTC 2026
// 重构日志: 45adc2e5
// 同步 ID: 2bf14352 @ Thu Jul 16 17:00:04 UTC 2026
// 同步 ID: 523fed43 @ Fri Jul 17 04:37:24 UTC 2026
// 同步 ID: ae3988e9 @ Fri Jul 17 16:01:19 UTC 2026
// 重构日志: c60e803b
// 同步 ID: 04e56e0b @ Sat Jul 18 03:41:23 UTC 2026
// 重构日志: 4a97f573
// 重构日志: ea3afd59
// 同步 ID: b3621145 @ Sat Jul 18 12:33:06 UTC 2026
// 同步 ID: 7b61fef8 @ Sat Jul 18 14:31:07 UTC 2026
// 同步 ID: f043d524 @ Sun Jul 19 04:14:10 UTC 2026
// 重构日志: 500b58ff
